17:24:55: Creating resource group General
17:24:55: Creating resource group Internal
17:24:55: Creating resource group Autodetect
17:24:55: SceneManagerFactory for type 'DefaultSceneManager' registered.
17:24:55: Registering ResourceManager for type Material
17:24:55: Registering ResourceManager for type Mesh
17:24:55: Registering ResourceManager for type Skeleton
17:24:55: MovableObjectFactory for type 'ParticleSystem' registered.
17:24:55: OverlayElementFactory for type Panel registered.
17:24:55: OverlayElementFactory for type BorderPanel registered.
17:24:55: OverlayElementFactory for type TextArea registered.
17:24:55: Registering ResourceManager for type Font
17:24:55: ArchiveFactory for archive type FileSystem registered.
17:24:55: ArchiveFactory for archive type Zip registered.
17:24:55: FreeImage version: 3.10.0
17:24:55: This program uses FreeImage, a free, open source image library supporting all common bitmap formats. See http://freeimage.sourceforge.net for details
17:24:55: Supported formats: bmp,ico,jpg,jif,jpeg,jpe,jng,koa,iff,lbm,mng,pbm,pbm,pcd,pcx,pgm,pgm,png,ppm,ppm,ras,tga,targa,tif,tiff,wap,wbmp,wbm,psd,cut,xbm,xpm,gif,hdr,g3,sgi,exr,j2k,j2c,jp2
17:24:55: DDS codec registering
17:24:55: Registering ResourceManager for type HighLevelGpuProgram
17:24:55: Registering ResourceManager for type Compositor
17:24:55: MovableObjectFactory for type 'Entity' registered.
17:24:55: MovableObjectFactory for type 'Light' registered.
17:24:55: MovableObjectFactory for type 'BillboardSet' registered.
17:24:55: MovableObjectFactory for type 'ManualObject' registered.
17:24:55: MovableObjectFactory for type 'BillboardChain' registered.
17:24:55: MovableObjectFactory for type 'RibbonTrail' registered.
17:24:55: *-*-* OGRE Initialising
17:24:55: *-*-* Version 1.6.3 (Shoggoth)
17:24:55: Loading library RenderSystem_GL
17:24:55: Installing plugin: GL RenderSystem
17:24:55: OpenGL Rendering Subsystem created.
17:24:55: Plugin successfully installed
17:24:55: Loading library Plugin_OctreeSceneManager
17:24:55: Installing plugin: Octree & Terrain Scene Manager
17:24:55: Plugin successfully installed
17:24:55: Loading library Plugin_ParticleFX
17:24:55: Installing plugin: ParticleFX
17:24:55: Particle Emitter Type 'Point' registered
17:24:55: Particle Emitter Type 'Box' registered
17:24:55: Particle Emitter Type 'Ellipsoid' registered
17:24:55: Particle Emitter Type 'Cylinder' registered
17:24:55: Particle Emitter Type 'Ring' registered
17:24:55: Particle Emitter Type 'HollowEllipsoid' registered
17:24:55: Particle Affector Type 'LinearForce' registered
17:24:55: Particle Affector Type 'ColourFader' registered
17:24:55: Particle Affector Type 'ColourFader2' registered
17:24:55: Particle Affector Type 'ColourImage' registered
17:24:55: Particle Affector Type 'ColourInterpolator' registered
17:24:55: Particle Affector Type 'Scaler' registered
17:24:55: Particle Affector Type 'Rotator' registered
17:24:55: Particle Affector Type 'DirectionRandomiser' registered
17:24:55: Particle Affector Type 'DeflectorPlane' registered
17:24:55: Plugin successfully installed
17:24:55: Loading library Plugin_CgProgramManager
17:24:55: Installing plugin: Cg Program Manager
17:24:55: Plugin successfully installed
17:24:55: CPU Identifier & Features
17:24:55: -------------------------
17:24:55:  *   CPU ID: GenuineIntel: Intel(R) Core(TM)2 Duo CPU     P7350  @ 2.00GHz
17:24:55:  *      SSE: yes
17:24:55:  *     SSE2: yes
17:24:55:  *     SSE3: yes
17:24:55:  *      MMX: yes
17:24:55:  *   MMXEXT: yes
17:24:55:  *    3DNOW: no
17:24:55:  * 3DNOWEXT: no
17:24:55:  *     CMOV: yes
17:24:55:  *      TSC: yes
17:24:55:  *      FPU: yes
17:24:55:  *      PRO: yes
17:24:55:  *       HT: no
17:24:55: -------------------------
17:24:55: ******************************
*** Starting GLX Subsystem ***
******************************
17:24:55: Creating resource group ogre_tools
17:24:55: Added resource location '/home/yglee/ros/stacks/visualization_common/ogre_tools/media' of type 'FileSystem' to resource group 'ogre_tools'
17:24:55: Added resource location '/home/yglee/ros/stacks/visualization_common/ogre_tools/media/fonts' of type 'FileSystem' to resource group 'ogre_tools'
17:24:55: Added resource location '/home/yglee/ros/stacks/visualization_common/ogre_tools/media/models' of type 'FileSystem' to resource group 'ogre_tools'
17:24:55: Added resource location '/home/yglee/ros/stacks/visualization_common/ogre_tools/media/materials' of type 'FileSystem' to resource group 'ogre_tools'
17:24:55: Added resource location '/home/yglee/ros/stacks/visualization_common/ogre_tools/media/materials/scripts' of type 'FileSystem' to resource group 'ogre_tools'
17:24:55: Added resource location '/home/yglee/ros/stacks/visualization_common/ogre_tools/media/materials/programs' of type 'FileSystem' to resource group 'ogre_tools'
17:24:56: GLRenderSystem::_createRenderWindow "OgreRenderWindow1", 1247x695 windowed  miscParams: externalWindowHandle=17556480:0:60817482:19412736 
17:24:56: GLXWindow::create: The externalWindowHandle parameter is deprecated.
Use the parentWindowHandle or currentGLContext parameter instead.
17:24:56: GLXWindow::create used FBConfigID = 117
17:24:56: GL_VERSION = 3.2.0 NVIDIA 195.36.24
17:24:56: GL_VENDOR = NVIDIA Corporation
17:24:56: GL_RENDERER = GeForce 9400M/PCI/SSE2
17:24:56: GL_EXTENSIONS = GL_ARB_color_buffer_float GL_ARB_compatibility GL_ARB_copy_buffer GL_ARB_depth_buffer_float GL_ARB_depth_clamp GL_ARB_depth_texture GL_ARB_draw_buffers GL_ARB_draw_elements_base_vertex GL_ARB_draw_instanced GL_ARB_fragment_coord_conventions GL_ARB_fragment_program GL_ARB_fragment_program_shadow GL_ARB_fragment_shader GL_ARB_framebuffer_object GL_ARB_framebuffer_sRGB GL_ARB_geometry_shader4 GL_ARB_half_float_pixel GL_ARB_half_float_vertex GL_ARB_imaging GL_ARB_map_buffer_range GL_ARB_multisample GL_ARB_multitexture GL_ARB_occlusion_query GL_ARB_pixel_buffer_object GL_ARB_point_parameters GL_ARB_point_sprite GL_ARB_provoking_vertex GL_ARB_seamless_cube_map GL_ARB_shader_objects GL_ARB_shading_language_100 GL_ARB_shadow GL_ARB_sync GL_ARB_texture_border_clamp GL_ARB_texture_buffer_object GL_ARB_texture_compression GL_ARB_texture_compression_rgtc GL_ARB_texture_cube_map GL_ARB_texture_env_add GL_ARB_texture_env_combine GL_ARB_texture_env_crossbar GL_ARB_texture_env_dot3 GL_ARB_texture_float GL_ARB_texture_mirrored_repeat GL_ARB_texture_multisample GL_ARB_texture_non_power_of_two GL_ARB_texture_rectangle GL_ARB_texture_rg GL_ARB_transpose_matrix GL_ARB_uniform_buffer_object GL_ARB_vertex_array_bgra GL_ARB_vertex_array_object GL_ARB_vertex_buffer_object GL_ARB_vertex_program GL_ARB_vertex_shader GL_ARB_window_pos GL_ATI_draw_buffers GL_ATI_texture_float GL_ATI_texture_mirror_once GL_S3_s3tc GL_EXT_texture_env_add GL_EXT_abgr GL_EXT_bgra GL_EXT_bindable_uniform GL_EXT_blend_color GL_EXT_blend_equation_separate GL_EXT_blend_func_separate GL_EXT_blend_minmax GL_EXT_blend_subtract GL_EXT_compiled_vertex_array GL_EXT_Cg_shader GL_EXT_depth_bounds_test GL_EXT_direct_state_access GL_EXT_draw_buffers2 GL_EXT_draw_instanced GL_EXT_draw_range_elements GL_EXT_fog_coord GL_EXT_framebuffer_blit GL_EXT_framebuffer_multisample GL_EXTX_framebuffer_mixed_formats GL_EXT_framebuffer_object GL_EXT_framebuffer_sRGB GL_EXT_geometry_shader4 GL_EXT_gpu_program_parameters GL_EXT_gpu_shader4 GL_EXT_multi_draw_arrays GL_EXT_packed_depth_stencil GL_EXT_packed_float GL_EXT_packed_pixels GL_EXT_pixel_buffer_object GL_EXT_point_parameters GL_EXT_provoking_vertex GL_EXT_rescale_normal GL_EXT_secondary_color GL_EXT_separate_shader_objects GL_EXT_separate_specular_color GL_EXT_shadow_funcs GL_EXT_stencil_two_side GL_EXT_stencil_wrap GL_EXT_texture3D GL_EXT_texture_array GL_EXT_texture_buffer_object GL_EXT_texture_compression_latc GL_EXT_texture_compression_rgtc GL_EXT_texture_compression_s3tc GL_EXT_texture_cube_map GL_EXT_texture_edge_clamp GL_EXT_texture_env_combine GL_EXT_texture_env_dot3 GL_EXT_texture_filter_anisotropic GL_EXT_texture_integer GL_EXT_texture_lod GL_EXT_texture_lod_bias GL_EXT_texture_mirror_clamp GL_EXT_texture_object GL_EXT_texture_shared_exponent GL_EXT_texture_sRGB GL_EXT_texture_swizzle GL_EXT_timer_query GL_EXT_transform_feedback2 GL_EXT_vertex_array GL_EXT_vertex_array_bgra GL_IBM_rasterpos_clip GL_IBM_texture_mirrored_repeat GL_KTX_buffer_region GL_NV_blend_square GL_NV_conditional_render GL_NV_copy_depth_to_color GL_NV_copy_image GL_NV_depth_buffer_float GL_NV_depth_clamp GL_NV_explicit_multisample GL_NV_fence GL_NV_float_buffer GL_NV_fog_distance GL_NV_fragment_program GL_NV_fragment_program_option GL_NV_fragment_program2 GL_NV_framebuffer_multisample_coverage GL_NV_geometry_shader4 GL_NV_gpu_program4 GL_NV_half_float GL_NV_light_max_exponent GL_NV_multisample_coverage GL_NV_multisample_filter_hint GL_NV_occlusion_query GL_NV_packed_depth_stencil GL_NV_parameter_buffer_object GL_NV_parameter_buffer_object2 GL_NV_pixel_data_range GL_NV_point_sprite GL_NV_primitive_restart GL_NV_register_combiners GL_NV_register_combiners2 GL_NV_shader_buffer_load GL_NV_texgen_reflection GL_NV_texture_barrier GL_NV_texture_compression_vtc GL_NV_texture_env_combine4 GL_NV_texture_expand_normal GL_NV_texture_rectangle GL_NV_texture_shader GL_NV_texture_shader2 GL_NV_texture_shader3 GL_NV_transform_feedback GL_NV_transform_feedback2 GL_NV_vertex_array_range GL_NV_vertex_array_range2 GL_NV_vertex_buffer_unified_memory GL_NV_vertex_program GL_NV_vertex_program1_1 GL_NV_vertex_program2 GL_NV_vertex_program2_option GL_NV_vertex_program3 GL_NVX_conditional_render GL_NVX_gpu_memory_info GL_SGIS_generate_mipmap GL_SGIS_texture_lod GL_SGIX_depth_texture GL_SGIX_shadow GL_SUN_slice_accum 
17:24:56: Supported GLX extensions: GLX_EXT_visual_info GLX_EXT_visual_rating GLX_SGIX_fbconfig GLX_SGIX_pbuffer GLX_SGI_video_sync GLX_SGI_swap_control GLX_EXT_swap_control GLX_EXT_texture_from_pixmap GLX_ARB_create_context GLX_ARB_create_context_profile GLX_ARB_multisample GLX_NV_float_buffer GLX_ARB_fbconfig_float GLX_EXT_framebuffer_sRGB GLX_ARB_get_proc_address 
17:24:56: ***************************
17:24:56: *** GL Renderer Started ***
17:24:56: ***************************
17:24:56: Registering ResourceManager for type GpuProgram
17:24:56: GLSL support detected
17:24:56: GL: Using GL_EXT_framebuffer_object for rendering to textures (best)
17:24:56: FBO PF_UNKNOWN depth/stencil support: D16S0 D24S0 D32S0 Packed-D24S8 
17:24:56: FBO PF_L8 depth/stencil support: D0S0 D16S0 D24S0 D32S0 Packed-D24S8 
17:24:56: FBO PF_A8 depth/stencil support: D0S0 D16S0 D24S0 D32S0 Packed-D24S8 
17:24:56: FBO PF_A4L4 depth/stencil support: D0S0 D16S0 D24S0 D32S0 Packed-D24S8 
17:24:56: FBO PF_BYTE_LA depth/stencil support: D0S0 D16S0 D24S0 D32S0 Packed-D24S8 
17:24:56: FBO PF_R5G6B5 depth/stencil support: D0S0 D16S0 D24S0 D32S0 Packed-D24S8 
17:24:56: FBO PF_B5G6R5 depth/stencil support: D0S0 D16S0 D24S0 D32S0 Packed-D24S8 
17:24:56: FBO PF_A1R5G5B5 depth/stencil support: D0S0 D16S0 D24S0 D32S0 Packed-D24S8 
17:24:56: FBO PF_R8G8B8 depth/stencil support: D0S0 D16S0 D24S0 D32S0 Packed-D24S8 
17:24:56: FBO PF_B8G8R8 depth/stencil support: D0S0 D16S0 D24S0 D32S0 Packed-D24S8 
17:24:56: FBO PF_A8R8G8B8 depth/stencil support: D0S0 D16S0 D24S0 D32S0 Packed-D24S8 
17:24:56: FBO PF_B8G8R8A8 depth/stencil support: D0S0 D16S0 D24S0 D32S0 Packed-D24S8 
17:24:56: FBO PF_A2R10G10B10 depth/stencil support: D0S0 D16S0 D24S0 D32S0 Packed-D24S8 
17:24:56: FBO PF_A2B10G10R10 depth/stencil support: D0S0 D16S0 D24S0 D32S0 Packed-D24S8 
17:24:56: FBO PF_FLOAT16_RGB depth/stencil support: D0S0 D16S0 D24S0 D32S0 Packed-D24S8 
17:24:56: FBO PF_FLOAT16_RGBA depth/stencil support: D0S0 D16S0 D24S0 D32S0 Packed-D24S8 
17:24:56: FBO PF_FLOAT32_RGB depth/stencil support: D0S0 D16S0 D24S0 D32S0 Packed-D24S8 
17:24:56: FBO PF_FLOAT32_RGBA depth/stencil support: D0S0 D16S0 D24S0 D32S0 Packed-D24S8 
17:24:56: FBO PF_X8R8G8B8 depth/stencil support: D0S0 D16S0 D24S0 D32S0 Packed-D24S8 
17:24:56: FBO PF_X8B8G8R8 depth/stencil support: D0S0 D16S0 D24S0 D32S0 Packed-D24S8 
17:24:56: FBO PF_SHORT_RGBA depth/stencil support: D0S0 D16S0 D24S0 D32S0 Packed-D24S8 
17:24:56: FBO PF_R3G3B2 depth/stencil support: D0S0 D16S0 D24S0 D32S0 Packed-D24S8 
17:24:56: FBO PF_FLOAT16_R depth/stencil support: D0S0 D16S0 D24S0 D32S0 Packed-D24S8 
17:24:56: FBO PF_FLOAT32_R depth/stencil support: D0S0 D16S0 D24S0 D32S0 Packed-D24S8 
17:24:56: FBO PF_FLOAT16_GR depth/stencil support: D0S0 D16S0 D24S0 D32S0 Packed-D24S8 
17:24:56: FBO PF_FLOAT32_GR depth/stencil support: D0S0 D16S0 D24S0 D32S0 Packed-D24S8 
17:24:56: FBO PF_SHORT_RGB depth/stencil support: D0S0 D16S0 D24S0 D32S0 Packed-D24S8 
17:24:56: [GL] : Valid FBO targets PF_UNKNOWN PF_L8 PF_A8 PF_A4L4 PF_BYTE_LA PF_R5G6B5 PF_B5G6R5 PF_A1R5G5B5 PF_R8G8B8 PF_B8G8R8 PF_A8R8G8B8 PF_B8G8R8A8 PF_A2R10G10B10 PF_A2B10G10R10 PF_FLOAT16_RGB PF_FLOAT16_RGBA PF_FLOAT32_RGB PF_FLOAT32_RGBA PF_X8R8G8B8 PF_X8B8G8R8 PF_SHORT_RGBA PF_R3G3B2 PF_FLOAT16_R PF_FLOAT32_R PF_FLOAT16_GR PF_FLOAT32_GR PF_SHORT_RGB 
17:24:56: RenderSystem capabilities
17:24:56: -------------------------
17:24:56: RenderSystem Name: OpenGL Rendering Subsystem
17:24:56: GPU Vendor: nvidia
17:24:56: Device Name: GeForce 9400M/PCI/SSE2
17:24:56: Driver Version: 3.2.0.0
17:24:56:  * Fixed function pipeline: yes
17:24:56:  * Hardware generation of mipmaps: yes
17:24:56:  * Texture blending: yes
17:24:56:  * Anisotropic texture filtering: yes
17:24:56:  * Dot product texture operation: yes
17:24:56:  * Cube mapping: yes
17:24:56:  * Hardware stencil buffer: yes
17:24:56:    - Stencil depth: 8
17:24:56:    - Two sided stencil support: yes
17:24:56:    - Wrap stencil values: yes
17:24:56:  * Hardware vertex / index buffers: yes
17:24:56:  * Vertex programs: yes
17:24:56:  * Fragment programs: yes
17:24:56:  * Geometry programs: yes
17:24:56:  * Supported Shader Profiles: arbfp1 arbvp1 fp20 fp30 fp40 glsl gp4gp gpu_gp nvgp4 vp30 vp40
17:24:56:  * Texture Compression: yes
17:24:56:    - DXT: yes
17:24:56:    - VTC: yes
17:24:56:  * Scissor Rectangle: yes
17:24:56:  * Hardware Occlusion Query: yes
17:24:56:  * User clip planes: yes
17:24:56:  * VET_UBYTE4 vertex element type: yes
17:24:56:  * Infinite far plane projection: yes
17:24:56:  * Hardware render-to-texture: yes
17:24:56:  * Floating point textures: yes
17:24:56:  * Non-power-of-two textures: yes
17:24:56:  * Volume textures: yes
17:24:56:  * Multiple Render Targets: 8
17:24:56:    - With different bit depths: yes
17:24:56:  * Point Sprites: yes
17:24:56:  * Extended point parameters: yes
17:24:56:  * Max Point Size: 63.375
17:24:56:  * Vertex texture fetch: yes
17:24:56:    - Max vertex textures: 32
17:24:56:    - Vertex textures shared: yes
17:24:56:  * Render to Vertex Buffer : yes
17:24:56:  * GL 1.5 without VBO workaround: no
17:24:56:  * Frame Buffer objects: yes
17:24:56:  * Frame Buffer objects (ARB extension): no
17:24:56:  * Frame Buffer objects (ATI extension): no
17:24:56:  * PBuffer suppport: no
17:24:56:  * GL 1.5 without HW-occlusion workaround: no
17:24:56: Registering ResourceManager for type Texture
17:24:56: ResourceBackgroundQueue - threading disabled
17:24:56: Particle Renderer Type 'billboard' registered
17:24:56: SceneManagerFactory for type 'OctreeSceneManager' registered.
17:24:56: SceneManagerFactory for type 'TerrainSceneManager' registered.
17:24:56: Added resource location '/home/yglee/ros/stacks/visualization/rviz/ogre_media/textures' of type 'FileSystem' to resource group 'General'
17:24:56: Parsing scripts for resource group Autodetect
17:24:56: Finished parsing scripts for resource group Autodetect
17:24:56: Parsing scripts for resource group General
17:24:56: Finished parsing scripts for resource group General
17:24:56: Parsing scripts for resource group Internal
17:24:56: Finished parsing scripts for resource group Internal
17:24:56: Parsing scripts for resource group ogre_tools
17:24:56: Parsing script passthrough.program
17:24:56: Parsing script point_cloud_point.program
17:24:56: Parsing script point_cloud_box.program
17:24:56: Parsing script point_cloud_billboard.program
17:24:56: Parsing script point_cloud_box.material
17:24:56: Parsing script point_cloud_point.material
17:24:56: Parsing script point_cloud_billboard.material
17:24:56: Parsing script arial.fontdef
17:24:56: Finished parsing scripts for resource group ogre_tools
17:24:56: Mesh: Loading ogre_tools_sphere.mesh.
17:24:56: Mesh: Loading ogre_tools_cylinder.mesh.
17:24:56: Mesh: Loading ogre_tools_cone.mesh.
17:24:56: Texture: SelectionRect0Texture: Loading 1 faces(PF_R8G8B8A8,1x1x1) with 0 generated mipmaps from Image. Internal format is PF_A8R8G8B8,1x1x1.
17:24:56: Texture: Robot Link Material00RobotPickTexture: Loading 1 faces(PF_R8G8B8,1x1x1) with 0 generated mipmaps from Image. Internal format is PF_X8R8G8B8,1x1x1.
17:24:56: Texture: Robot Link Material01RobotPickTexture: Loading 1 faces(PF_R8G8B8,1x1x1) with 0 generated mipmaps from Image. Internal format is PF_X8R8G8B8,1x1x1.
17:24:56: Texture: Robot Link Material02RobotPickTexture: Loading 1 faces(PF_R8G8B8,1x1x1) with 0 generated mipmaps from Image. Internal format is PF_X8R8G8B8,1x1x1.
17:24:56: Texture: Robot Link Material03RobotPickTexture: Loading 1 faces(PF_R8G8B8,1x1x1) with 0 generated mipmaps from Image. Internal format is PF_X8R8G8B8,1x1x1.
17:24:56: Texture: Robot Link Material04RobotPickTexture: Loading 1 faces(PF_R8G8B8,1x1x1) with 0 generated mipmaps from Image. Internal format is PF_X8R8G8B8,1x1x1.
17:24:56: Texture: Robot Link Material05RobotPickTexture: Loading 1 faces(PF_R8G8B8,1x1x1) with 0 generated mipmaps from Image. Internal format is PF_X8R8G8B8,1x1x1.
17:24:56: Texture: Robot Link Material06RobotPickTexture: Loading 1 faces(PF_R8G8B8,1x1x1) with 0 generated mipmaps from Image. Internal format is PF_X8R8G8B8,1x1x1.
17:24:56: Texture: Robot Link Material07RobotPickTexture: Loading 1 faces(PF_R8G8B8,1x1x1) with 0 generated mipmaps from Image. Internal format is PF_X8R8G8B8,1x1x1.
17:24:56: Texture: Robot Link Material08RobotPickTexture: Loading 1 faces(PF_R8G8B8,1x1x1) with 0 generated mipmaps from Image. Internal format is PF_X8R8G8B8,1x1x1.
17:24:56: Texture: Robot Link Material09RobotPickTexture: Loading 1 faces(PF_R8G8B8,1x1x1) with 0 generated mipmaps from Image. Internal format is PF_X8R8G8B8,1x1x1.
17:24:56: Texture: Robot Link Material010RobotPickTexture: Loading 1 faces(PF_R8G8B8,1x1x1) with 0 generated mipmaps from Image. Internal format is PF_X8R8G8B8,1x1x1.
17:24:56: Texture: Robot Link Material011RobotPickTexture: Loading 1 faces(PF_R8G8B8,1x1x1) with 0 generated mipmaps from Image. Internal format is PF_X8R8G8B8,1x1x1.
17:24:56: Texture: Robot Link Material012RobotPickTexture: Loading 1 faces(PF_R8G8B8,1x1x1) with 0 generated mipmaps from Image. Internal format is PF_X8R8G8B8,1x1x1.
17:24:56: Texture: Robot Link Material013RobotPickTexture: Loading 1 faces(PF_R8G8B8,1x1x1) with 0 generated mipmaps from Image. Internal format is PF_X8R8G8B8,1x1x1.
17:24:56: Texture: Robot Link Material014RobotPickTexture: Loading 1 faces(PF_R8G8B8,1x1x1) with 0 generated mipmaps from Image. Internal format is PF_X8R8G8B8,1x1x1.
17:24:56: Texture: Robot Link Material015RobotPickTexture: Loading 1 faces(PF_R8G8B8,1x1x1) with 0 generated mipmaps from Image. Internal format is PF_X8R8G8B8,1x1x1.
17:24:56: Texture: Robot Link Material016RobotPickTexture: Loading 1 faces(PF_R8G8B8,1x1x1) with 0 generated mipmaps from Image. Internal format is PF_X8R8G8B8,1x1x1.
17:24:56: Texture: Robot Link Material017RobotPickTexture: Loading 1 faces(PF_R8G8B8,1x1x1) with 0 generated mipmaps from Image. Internal format is PF_X8R8G8B8,1x1x1.
17:24:56: Texture: ogre_tools::Shape5MaterialPickTexture: Loading 1 faces(PF_R8G8B8,1x1x1) with 0 generated mipmaps from Image. Internal format is PF_X8R8G8B8,1x1x1.
17:24:56: Texture: ogre_tools::Shape6MaterialPickTexture: Loading 1 faces(PF_R8G8B8,1x1x1) with 0 generated mipmaps from Image. Internal format is PF_X8R8G8B8,1x1x1.
17:24:56: Texture: ogre_tools::Shape7MaterialPickTexture: Loading 1 faces(PF_R8G8B8,1x1x1) with 0 generated mipmaps from Image. Internal format is PF_X8R8G8B8,1x1x1.
17:24:56: Font Arialusing texture size 512x512
17:24:56: Info: Freetype returned null for character 160 in font Arial
17:24:56: Texture: ArialTexture: Loading 1 faces(PF_BYTE_LA,512x512x1) with 0 generated mipmaps from Image. Internal format is PF_BYTE_LA,512x512x1.
17:24:56: Texture: ogre_tools::Shape10MaterialPickTexture: Loading 1 faces(PF_R8G8B8,1x1x1) with 0 generated mipmaps from Image. Internal format is PF_X8R8G8B8,1x1x1.
17:24:56: Texture: ogre_tools::Shape11MaterialPickTexture: Loading 1 faces(PF_R8G8B8,1x1x1) with 0 generated mipmaps from Image. Internal format is PF_X8R8G8B8,1x1x1.
17:24:56: Texture: ogre_tools::Shape12MaterialPickTexture: Loading 1 faces(PF_R8G8B8,1x1x1) with 0 generated mipmaps from Image. Internal format is PF_X8R8G8B8,1x1x1.
17:24:56: Texture: ogre_tools::Shape15MaterialPickTexture: Loading 1 faces(PF_R8G8B8,1x1x1) with 0 generated mipmaps from Image. Internal format is PF_X8R8G8B8,1x1x1.
17:24:56: Texture: ogre_tools::Shape16MaterialPickTexture: Loading 1 faces(PF_R8G8B8,1x1x1) with 0 generated mipmaps from Image. Internal format is PF_X8R8G8B8,1x1x1.
17:24:56: Texture: ogre_tools::Shape17MaterialPickTexture: Loading 1 faces(PF_R8G8B8,1x1x1) with 0 generated mipmaps from Image. Internal format is PF_X8R8G8B8,1x1x1.
17:24:56: Texture: ogre_tools::Shape20MaterialPickTexture: Loading 1 faces(PF_R8G8B8,1x1x1) with 0 generated mipmaps from Image. Internal format is PF_X8R8G8B8,1x1x1.
17:24:56: Texture: ogre_tools::Shape21MaterialPickTexture: Loading 1 faces(PF_R8G8B8,1x1x1) with 0 generated mipmaps from Image. Internal format is PF_X8R8G8B8,1x1x1.
17:24:56: Texture: ogre_tools::Shape22MaterialPickTexture: Loading 1 faces(PF_R8G8B8,1x1x1) with 0 generated mipmaps from Image. Internal format is PF_X8R8G8B8,1x1x1.
17:24:56: Texture: ogre_tools::Shape25MaterialPickTexture: Loading 1 faces(PF_R8G8B8,1x1x1) with 0 generated mipmaps from Image. Internal format is PF_X8R8G8B8,1x1x1.
17:24:56: Texture: ogre_tools::Shape26MaterialPickTexture: Loading 1 faces(PF_R8G8B8,1x1x1) with 0 generated mipmaps from Image. Internal format is PF_X8R8G8B8,1x1x1.
17:24:56: Texture: ogre_tools::Shape27MaterialPickTexture: Loading 1 faces(PF_R8G8B8,1x1x1) with 0 generated mipmaps from Image. Internal format is PF_X8R8G8B8,1x1x1.
17:24:56: Texture: ogre_tools::Shape30MaterialPickTexture: Loading 1 faces(PF_R8G8B8,1x1x1) with 0 generated mipmaps from Image. Internal format is PF_X8R8G8B8,1x1x1.
17:24:56: Texture: ogre_tools::Shape31MaterialPickTexture: Loading 1 faces(PF_R8G8B8,1x1x1) with 0 generated mipmaps from Image. Internal format is PF_X8R8G8B8,1x1x1.
17:24:56: Texture: ogre_tools::Shape32MaterialPickTexture: Loading 1 faces(PF_R8G8B8,1x1x1) with 0 generated mipmaps from Image. Internal format is PF_X8R8G8B8,1x1x1.
17:24:56: Texture: ogre_tools::Shape35MaterialPickTexture: Loading 1 faces(PF_R8G8B8,1x1x1) with 0 generated mipmaps from Image. Internal format is PF_X8R8G8B8,1x1x1.
17:24:56: Texture: ogre_tools::Shape36MaterialPickTexture: Loading 1 faces(PF_R8G8B8,1x1x1) with 0 generated mipmaps from Image. Internal format is PF_X8R8G8B8,1x1x1.
17:24:56: Texture: ogre_tools::Shape37MaterialPickTexture: Loading 1 faces(PF_R8G8B8,1x1x1) with 0 generated mipmaps from Image. Internal format is PF_X8R8G8B8,1x1x1.
17:24:56: Texture: ogre_tools::Shape40MaterialPickTexture: Loading 1 faces(PF_R8G8B8,1x1x1) with 0 generated mipmaps from Image. Internal format is PF_X8R8G8B8,1x1x1.
17:24:56: Texture: ogre_tools::Shape41MaterialPickTexture: Loading 1 faces(PF_R8G8B8,1x1x1) with 0 generated mipmaps from Image. Internal format is PF_X8R8G8B8,1x1x1.
17:24:56: Texture: ogre_tools::Shape42MaterialPickTexture: Loading 1 faces(PF_R8G8B8,1x1x1) with 0 generated mipmaps from Image. Internal format is PF_X8R8G8B8,1x1x1.
17:24:56: Texture: ogre_tools::Shape45MaterialPickTexture: Loading 1 faces(PF_R8G8B8,1x1x1) with 0 generated mipmaps from Image. Internal format is PF_X8R8G8B8,1x1x1.
17:24:56: Texture: ogre_tools::Shape46MaterialPickTexture: Loading 1 faces(PF_R8G8B8,1x1x1) with 0 generated mipmaps from Image. Internal format is PF_X8R8G8B8,1x1x1.
17:24:56: Texture: ogre_tools::Shape47MaterialPickTexture: Loading 1 faces(PF_R8G8B8,1x1x1) with 0 generated mipmaps from Image. Internal format is PF_X8R8G8B8,1x1x1.
17:24:56: Texture: ogre_tools::Shape50MaterialPickTexture: Loading 1 faces(PF_R8G8B8,1x1x1) with 0 generated mipmaps from Image. Internal format is PF_X8R8G8B8,1x1x1.
17:24:56: Texture: ogre_tools::Shape51MaterialPickTexture: Loading 1 faces(PF_R8G8B8,1x1x1) with 0 generated mipmaps from Image. Internal format is PF_X8R8G8B8,1x1x1.
17:24:56: Texture: ogre_tools::Shape52MaterialPickTexture: Loading 1 faces(PF_R8G8B8,1x1x1) with 0 generated mipmaps from Image. Internal format is PF_X8R8G8B8,1x1x1.
17:24:56: Texture: ogre_tools::Shape55MaterialPickTexture: Loading 1 faces(PF_R8G8B8,1x1x1) with 0 generated mipmaps from Image. Internal format is PF_X8R8G8B8,1x1x1.
17:24:56: Texture: ogre_tools::Shape56MaterialPickTexture: Loading 1 faces(PF_R8G8B8,1x1x1) with 0 generated mipmaps from Image. Internal format is PF_X8R8G8B8,1x1x1.
17:24:56: Texture: ogre_tools::Shape57MaterialPickTexture: Loading 1 faces(PF_R8G8B8,1x1x1) with 0 generated mipmaps from Image. Internal format is PF_X8R8G8B8,1x1x1.
17:24:56: Texture: ogre_tools::Shape60MaterialPickTexture: Loading 1 faces(PF_R8G8B8,1x1x1) with 0 generated mipmaps from Image. Internal format is PF_X8R8G8B8,1x1x1.
17:24:56: Texture: ogre_tools::Shape61MaterialPickTexture: Loading 1 faces(PF_R8G8B8,1x1x1) with 0 generated mipmaps from Image. Internal format is PF_X8R8G8B8,1x1x1.
17:24:56: Texture: ogre_tools::Shape62MaterialPickTexture: Loading 1 faces(PF_R8G8B8,1x1x1) with 0 generated mipmaps from Image. Internal format is PF_X8R8G8B8,1x1x1.
17:24:56: Texture: ogre_tools::Shape65MaterialPickTexture: Loading 1 faces(PF_R8G8B8,1x1x1) with 0 generated mipmaps from Image. Internal format is PF_X8R8G8B8,1x1x1.
17:24:56: Texture: ogre_tools::Shape66MaterialPickTexture: Loading 1 faces(PF_R8G8B8,1x1x1) with 0 generated mipmaps from Image. Internal format is PF_X8R8G8B8,1x1x1.
17:24:56: Texture: ogre_tools::Shape67MaterialPickTexture: Loading 1 faces(PF_R8G8B8,1x1x1) with 0 generated mipmaps from Image. Internal format is PF_X8R8G8B8,1x1x1.
17:24:56: Texture: ogre_tools::Shape70MaterialPickTexture: Loading 1 faces(PF_R8G8B8,1x1x1) with 0 generated mipmaps from Image. Internal format is PF_X8R8G8B8,1x1x1.
17:24:56: Texture: ogre_tools::Shape71MaterialPickTexture: Loading 1 faces(PF_R8G8B8,1x1x1) with 0 generated mipmaps from Image. Internal format is PF_X8R8G8B8,1x1x1.
17:24:56: Texture: ogre_tools::Shape72MaterialPickTexture: Loading 1 faces(PF_R8G8B8,1x1x1) with 0 generated mipmaps from Image. Internal format is PF_X8R8G8B8,1x1x1.
17:24:56: Texture: ogre_tools::Shape75MaterialPickTexture: Loading 1 faces(PF_R8G8B8,1x1x1) with 0 generated mipmaps from Image. Internal format is PF_X8R8G8B8,1x1x1.
17:24:56: Texture: ogre_tools::Shape76MaterialPickTexture: Loading 1 faces(PF_R8G8B8,1x1x1) with 0 generated mipmaps from Image. Internal format is PF_X8R8G8B8,1x1x1.
17:24:56: Texture: ogre_tools::Shape77MaterialPickTexture: Loading 1 faces(PF_R8G8B8,1x1x1) with 0 generated mipmaps from Image. Internal format is PF_X8R8G8B8,1x1x1.
17:24:56: Texture: ogre_tools::Shape80MaterialPickTexture: Loading 1 faces(PF_R8G8B8,1x1x1) with 0 generated mipmaps from Image. Internal format is PF_X8R8G8B8,1x1x1.
17:24:56: Texture: ogre_tools::Shape81MaterialPickTexture: Loading 1 faces(PF_R8G8B8,1x1x1) with 0 generated mipmaps from Image. Internal format is PF_X8R8G8B8,1x1x1.
17:24:56: Texture: ogre_tools::Shape82MaterialPickTexture: Loading 1 faces(PF_R8G8B8,1x1x1) with 0 generated mipmaps from Image. Internal format is PF_X8R8G8B8,1x1x1.
17:24:56: Texture: ogre_tools::Shape85MaterialPickTexture: Loading 1 faces(PF_R8G8B8,1x1x1) with 0 generated mipmaps from Image. Internal format is PF_X8R8G8B8,1x1x1.
17:24:56: Texture: ogre_tools::Shape86MaterialPickTexture: Loading 1 faces(PF_R8G8B8,1x1x1) with 0 generated mipmaps from Image. Internal format is PF_X8R8G8B8,1x1x1.
17:24:56: Texture: ogre_tools::Shape87MaterialPickTexture: Loading 1 faces(PF_R8G8B8,1x1x1) with 0 generated mipmaps from Image. Internal format is PF_X8R8G8B8,1x1x1.
17:24:56: Texture: ogre_tools::Shape90MaterialPickTexture: Loading 1 faces(PF_R8G8B8,1x1x1) with 0 generated mipmaps from Image. Internal format is PF_X8R8G8B8,1x1x1.
17:24:56: Texture: ogre_tools::Shape91MaterialPickTexture: Loading 1 faces(PF_R8G8B8,1x1x1) with 0 generated mipmaps from Image. Internal format is PF_X8R8G8B8,1x1x1.
17:24:56: Texture: ogre_tools::Shape92MaterialPickTexture: Loading 1 faces(PF_R8G8B8,1x1x1) with 0 generated mipmaps from Image. Internal format is PF_X8R8G8B8,1x1x1.
17:24:56: Texture: ogre_tools::Shape95MaterialPickTexture: Loading 1 faces(PF_R8G8B8,1x1x1) with 0 generated mipmaps from Image. Internal format is PF_X8R8G8B8,1x1x1.
17:24:56: Texture: ogre_tools::Shape96MaterialPickTexture: Loading 1 faces(PF_R8G8B8,1x1x1) with 0 generated mipmaps from Image. Internal format is PF_X8R8G8B8,1x1x1.
17:24:56: Texture: ogre_tools::Shape97MaterialPickTexture: Loading 1 faces(PF_R8G8B8,1x1x1) with 0 generated mipmaps from Image. Internal format is PF_X8R8G8B8,1x1x1.
17:24:56: Texture: ogre_tools::Shape100MaterialPickTexture: Loading 1 faces(PF_R8G8B8,1x1x1) with 0 generated mipmaps from Image. Internal format is PF_X8R8G8B8,1x1x1.
17:24:56: Texture: ogre_tools::Shape101MaterialPickTexture: Loading 1 faces(PF_R8G8B8,1x1x1) with 0 generated mipmaps from Image. Internal format is PF_X8R8G8B8,1x1x1.
17:24:56: Texture: ogre_tools::Shape102MaterialPickTexture: Loading 1 faces(PF_R8G8B8,1x1x1) with 0 generated mipmaps from Image. Internal format is PF_X8R8G8B8,1x1x1.
17:24:56: Texture: ogre_tools::Shape105MaterialPickTexture: Loading 1 faces(PF_R8G8B8,1x1x1) with 0 generated mipmaps from Image. Internal format is PF_X8R8G8B8,1x1x1.
17:24:56: Texture: ogre_tools::Shape106MaterialPickTexture: Loading 1 faces(PF_R8G8B8,1x1x1) with 0 generated mipmaps from Image. Internal format is PF_X8R8G8B8,1x1x1.
17:24:56: Texture: ogre_tools::Shape107MaterialPickTexture: Loading 1 faces(PF_R8G8B8,1x1x1) with 0 generated mipmaps from Image. Internal format is PF_X8R8G8B8,1x1x1.
17:24:56: Texture: ogre_tools::Shape110MaterialPickTexture: Loading 1 faces(PF_R8G8B8,1x1x1) with 0 generated mipmaps from Image. Internal format is PF_X8R8G8B8,1x1x1.
17:24:56: Texture: ogre_tools::Shape111MaterialPickTexture: Loading 1 faces(PF_R8G8B8,1x1x1) with 0 generated mipmaps from Image. Internal format is PF_X8R8G8B8,1x1x1.
17:24:56: Texture: ogre_tools::Shape112MaterialPickTexture: Loading 1 faces(PF_R8G8B8,1x1x1) with 0 generated mipmaps from Image. Internal format is PF_X8R8G8B8,1x1x1.
17:24:56: Texture: ogre_tools::Shape115MaterialPickTexture: Loading 1 faces(PF_R8G8B8,1x1x1) with 0 generated mipmaps from Image. Internal format is PF_X8R8G8B8,1x1x1.
17:24:56: Texture: ogre_tools::Shape116MaterialPickTexture: Loading 1 faces(PF_R8G8B8,1x1x1) with 0 generated mipmaps from Image. Internal format is PF_X8R8G8B8,1x1x1.
17:24:56: Texture: ogre_tools::Shape117MaterialPickTexture: Loading 1 faces(PF_R8G8B8,1x1x1) with 0 generated mipmaps from Image. Internal format is PF_X8R8G8B8,1x1x1.
17:24:56: Texture: ogre_tools::Shape120MaterialPickTexture: Loading 1 faces(PF_R8G8B8,1x1x1) with 0 generated mipmaps from Image. Internal format is PF_X8R8G8B8,1x1x1.
17:24:56: Texture: ogre_tools::Shape121MaterialPickTexture: Loading 1 faces(PF_R8G8B8,1x1x1) with 0 generated mipmaps from Image. Internal format is PF_X8R8G8B8,1x1x1.
17:24:56: Texture: ogre_tools::Shape122MaterialPickTexture: Loading 1 faces(PF_R8G8B8,1x1x1) with 0 generated mipmaps from Image. Internal format is PF_X8R8G8B8,1x1x1.
17:24:56: Texture: ogre_tools::Shape125MaterialPickTexture: Loading 1 faces(PF_R8G8B8,1x1x1) with 0 generated mipmaps from Image. Internal format is PF_X8R8G8B8,1x1x1.
17:24:56: Texture: ogre_tools::Shape126MaterialPickTexture: Loading 1 faces(PF_R8G8B8,1x1x1) with 0 generated mipmaps from Image. Internal format is PF_X8R8G8B8,1x1x1.
17:24:56: Texture: ogre_tools::Shape127MaterialPickTexture: Loading 1 faces(PF_R8G8B8,1x1x1) with 0 generated mipmaps from Image. Internal format is PF_X8R8G8B8,1x1x1.
17:24:56: Texture: ogre_tools::Shape130MaterialPickTexture: Loading 1 faces(PF_R8G8B8,1x1x1) with 0 generated mipmaps from Image. Internal format is PF_X8R8G8B8,1x1x1.
17:24:56: Texture: ogre_tools::Shape131MaterialPickTexture: Loading 1 faces(PF_R8G8B8,1x1x1) with 0 generated mipmaps from Image. Internal format is PF_X8R8G8B8,1x1x1.
17:24:56: Texture: ogre_tools::Shape132MaterialPickTexture: Loading 1 faces(PF_R8G8B8,1x1x1) with 0 generated mipmaps from Image. Internal format is PF_X8R8G8B8,1x1x1.
17:24:56: Texture: ogre_tools::Shape135MaterialPickTexture: Loading 1 faces(PF_R8G8B8,1x1x1) with 0 generated mipmaps from Image. Internal format is PF_X8R8G8B8,1x1x1.
17:24:56: Texture: ogre_tools::Shape136MaterialPickTexture: Loading 1 faces(PF_R8G8B8,1x1x1) with 0 generated mipmaps from Image. Internal format is PF_X8R8G8B8,1x1x1.
17:24:56: Texture: ogre_tools::Shape137MaterialPickTexture: Loading 1 faces(PF_R8G8B8,1x1x1) with 0 generated mipmaps from Image. Internal format is PF_X8R8G8B8,1x1x1.
17:24:56: Texture: ogre_tools::Shape140MaterialPickTexture: Loading 1 faces(PF_R8G8B8,1x1x1) with 0 generated mipmaps from Image. Internal format is PF_X8R8G8B8,1x1x1.
17:24:56: Texture: ogre_tools::Shape141MaterialPickTexture: Loading 1 faces(PF_R8G8B8,1x1x1) with 0 generated mipmaps from Image. Internal format is PF_X8R8G8B8,1x1x1.
17:24:56: Texture: ogre_tools::Shape142MaterialPickTexture: Loading 1 faces(PF_R8G8B8,1x1x1) with 0 generated mipmaps from Image. Internal format is PF_X8R8G8B8,1x1x1.
17:24:56: Texture: ogre_tools::Shape145MaterialPickTexture: Loading 1 faces(PF_R8G8B8,1x1x1) with 0 generated mipmaps from Image. Internal format is PF_X8R8G8B8,1x1x1.
17:24:56: Texture: ogre_tools::Shape146MaterialPickTexture: Loading 1 faces(PF_R8G8B8,1x1x1) with 0 generated mipmaps from Image. Internal format is PF_X8R8G8B8,1x1x1.
17:24:56: Texture: ogre_tools::Shape147MaterialPickTexture: Loading 1 faces(PF_R8G8B8,1x1x1) with 0 generated mipmaps from Image. Internal format is PF_X8R8G8B8,1x1x1.
17:24:56: Texture: ogre_tools::Shape150MaterialPickTexture: Loading 1 faces(PF_R8G8B8,1x1x1) with 0 generated mipmaps from Image. Internal format is PF_X8R8G8B8,1x1x1.
17:24:56: Texture: ogre_tools::Shape151MaterialPickTexture: Loading 1 faces(PF_R8G8B8,1x1x1) with 0 generated mipmaps from Image. Internal format is PF_X8R8G8B8,1x1x1.
17:24:56: Texture: ogre_tools::Shape152MaterialPickTexture: Loading 1 faces(PF_R8G8B8,1x1x1) with 0 generated mipmaps from Image. Internal format is PF_X8R8G8B8,1x1x1.
17:24:56: Texture: ogre_tools::Shape155MaterialPickTexture: Loading 1 faces(PF_R8G8B8,1x1x1) with 0 generated mipmaps from Image. Internal format is PF_X8R8G8B8,1x1x1.
17:24:56: Texture: ogre_tools::Shape156MaterialPickTexture: Loading 1 faces(PF_R8G8B8,1x1x1) with 0 generated mipmaps from Image. Internal format is PF_X8R8G8B8,1x1x1.
17:24:56: Texture: ogre_tools::Shape157MaterialPickTexture: Loading 1 faces(PF_R8G8B8,1x1x1) with 0 generated mipmaps from Image. Internal format is PF_X8R8G8B8,1x1x1.
17:24:56: Texture: ogre_tools::Shape160MaterialPickTexture: Loading 1 faces(PF_R8G8B8,1x1x1) with 0 generated mipmaps from Image. Internal format is PF_X8R8G8B8,1x1x1.
17:24:56: Texture: ogre_tools::Shape161MaterialPickTexture: Loading 1 faces(PF_R8G8B8,1x1x1) with 0 generated mipmaps from Image. Internal format is PF_X8R8G8B8,1x1x1.
17:24:56: Texture: ogre_tools::Shape162MaterialPickTexture: Loading 1 faces(PF_R8G8B8,1x1x1) with 0 generated mipmaps from Image. Internal format is PF_X8R8G8B8,1x1x1.
17:24:56: Texture: ogre_tools::Shape165MaterialPickTexture: Loading 1 faces(PF_R8G8B8,1x1x1) with 0 generated mipmaps from Image. Internal format is PF_X8R8G8B8,1x1x1.
17:24:56: Texture: ogre_tools::Shape166MaterialPickTexture: Loading 1 faces(PF_R8G8B8,1x1x1) with 0 generated mipmaps from Image. Internal format is PF_X8R8G8B8,1x1x1.
17:24:56: Texture: ogre_tools::Shape167MaterialPickTexture: Loading 1 faces(PF_R8G8B8,1x1x1) with 0 generated mipmaps from Image. Internal format is PF_X8R8G8B8,1x1x1.
17:24:56: Texture: ogre_tools::Shape170MaterialPickTexture: Loading 1 faces(PF_R8G8B8,1x1x1) with 0 generated mipmaps from Image. Internal format is PF_X8R8G8B8,1x1x1.
17:24:56: Texture: ogre_tools::Shape171MaterialPickTexture: Loading 1 faces(PF_R8G8B8,1x1x1) with 0 generated mipmaps from Image. Internal format is PF_X8R8G8B8,1x1x1.
17:24:56: Texture: ogre_tools::Shape172MaterialPickTexture: Loading 1 faces(PF_R8G8B8,1x1x1) with 0 generated mipmaps from Image. Internal format is PF_X8R8G8B8,1x1x1.
17:24:56: Texture: ogre_tools::Shape175MaterialPickTexture: Loading 1 faces(PF_R8G8B8,1x1x1) with 0 generated mipmaps from Image. Internal format is PF_X8R8G8B8,1x1x1.
17:24:56: Texture: ogre_tools::Shape176MaterialPickTexture: Loading 1 faces(PF_R8G8B8,1x1x1) with 0 generated mipmaps from Image. Internal format is PF_X8R8G8B8,1x1x1.
17:24:56: Texture: ogre_tools::Shape177MaterialPickTexture: Loading 1 faces(PF_R8G8B8,1x1x1) with 0 generated mipmaps from Image. Internal format is PF_X8R8G8B8,1x1x1.
17:25:38: *-*-* OGRE Shutdown
17:25:38: Unregistering ResourceManager for type Compositor
17:25:38: Unregistering ResourceManager for type Font
17:25:38: Unregistering ResourceManager for type Skeleton
17:25:38: Unregistering ResourceManager for type Mesh
17:25:38: Unregistering ResourceManager for type HighLevelGpuProgram
17:25:38: Uninstalling plugin: Cg Program Manager
17:25:38: Plugin successfully uninstalled
17:25:38: Unloading library Plugin_CgProgramManager
17:25:38: Uninstalling plugin: ParticleFX
17:25:38: Plugin successfully uninstalled
17:25:38: Unloading library Plugin_ParticleFX
17:25:38: Uninstalling plugin: Octree & Terrain Scene Manager
17:25:38: Plugin successfully uninstalled
17:25:38: Unloading library Plugin_OctreeSceneManager
17:25:38: Uninstalling plugin: GL RenderSystem
17:25:38: Unregistering ResourceManager for type GpuProgram
17:25:38: ******************************
*** Stopping GLX Subsystem ***
******************************
17:25:38: Unregistering ResourceManager for type Texture
17:25:38: Plugin successfully uninstalled
17:25:38: Unloading library RenderSystem_GL
17:25:38: Unregistering ResourceManager for type Material
